Using pre-set license
Built from '2020.2/release' branch; Version is '2020.2.2f1 (068178b99f32) revision 426360'; Using compiler version '192528614'; Build Type 'Release'
OS: 'Windows 10 Pro; OS build 19042.1466; Version 2009; 64bit' Language: 'en' Physical Memory: 8030 MB
BatchMode: 1, IsHumanControllingUs: 0, StartBugReporterOnCrash: 0, Is64bit: 1, IsPro: 0

 COMMAND LINE ARGUMENTS:
C:\Program Files\Unity\Hub\Editor\2020.2.2f1\Editor\Unity.exe
-adb2
-batchMode
-noUpm
-name
AssetImportWorker0
-projectPath
C:/Users/pixel/OneDrive/Documents/GitHub/Med-Libs
-logFile
Logs/AssetImportWorker0.log
-srvPort
65068
Successfully changed project path to: C:/Users/pixel/OneDrive/Documents/GitHub/Med-Libs
C:/Users/pixel/OneDrive/Documents/GitHub/Med-Libs
Using Asset Import Pipeline V2.
Refreshing native plugins compatible for Editor in 47.81 ms, found 1 plugins.
Preloading 0 native plugins for Editor in 0.00 ms.
Initialize engine version: 2020.2.2f1 (068178b99f32)
[Subsystems] Discovering subsystems at path C:/Program Files/Unity/Hub/Editor/2020.2.2f1/Editor/Data/Resources/UnitySubsystems
[Subsystems] Discovering subsystems at path C:/Users/pixel/OneDrive/Documents/GitHub/Med-Libs/Assets
GfxDevice: creating device client; threaded=0
Direct3D:
    Version:  Direct3D 11.0 [level 11.1]
    Renderer: Intel(R) UHD Graphics 630 (ID=0x3e92)
    Vendor:   
    VRAM:     4015 MB
    Driver:   27.20.100.8984
Initialize mono
Mono path[0] = 'C:/Program Files/Unity/Hub/Editor/2020.2.2f1/Editor/Data/Managed'
Mono path[1] = 'C:/Program Files/Unity/Hub/Editor/2020.2.2f1/Editor/Data/MonoBleedingEdge/lib/mono/unityjit'
Mono config path = 'C:/Program Files/Unity/Hub/Editor/2020.2.2f1/Editor/Data/MonoBleedingEdge/etc'
Using monoOptions --debugger-agent=transport=dt_socket,embedding=1,server=y,suspend=n,address=127.0.0.1:56284
Begin MonoManager ReloadAssembly
Registering precompiled unity dll's ...
Register platform support module: C:/Program Files/Unity/Hub/Editor/2020.2.2f1/Editor/Data/PlaybackEngines/WindowsStandaloneSupport/UnityEditor.WindowsStandalone.Extensions.dll
Registered in 0.002281 seconds.
Native extension for WindowsStandalone target not found
Refreshing native plugins compatible for Editor in 45.05 ms, found 1 plugins.
Preloading 0 native plugins for Editor in 0.00 ms.
Invoked RoslynAnalysisRunner static constructor.
RoslynAnalysisRunner will not be running.
RoslynAnalysisRunner has terminated.
Mono: successfully reloaded assembly
- Completed reload, in  1.158 seconds
Platform modules already initialized, skipping
Registering precompiled user dll's ...
Registered in 0.001144 seconds.
Begin MonoManager ReloadAssembly
Native extension for WindowsStandalone target not found
Refreshing native plugins compatible for Editor in 46.16 ms, found 1 plugins.
Preloading 0 native plugins for Editor in 0.00 ms.
Invoked RoslynAnalysisRunner static constructor.
RoslynAnalysisRunner will not be running.
RoslynAnalysisRunner has terminated.
Mono: successfully reloaded assembly
- Completed reload, in  1.140 seconds
Platform modules already initialized, skipping
========================================================================
Worker process is ready to serve import requests
Launched and connected shader compiler UnityShaderCompiler.exe after 0.11 seconds
Refreshing native plugins compatible for Editor in 0.48 ms, found 1 plugins.
Preloading 0 native plugins for Editor in 0.00 ms.
Unloading 2090 Unused Serialized files (Serialized files now loaded: 0)
System memory in use before: 94.9 MB.
System memory in use after: 94.9 MB.

Unloading 26 unused Assets to reduce memory usage. Loaded Objects now: 2532.
Total: 2.396500 ms (FindLiveObjects: 0.221000 ms CreateObjectMapping: 0.089500 ms MarkObjects: 1.948900 ms  DeleteObjects: 0.136100 ms)

========================================================================
Received Import Request.
  path: Assets
  artifactKey: Guid(00000000000000001000000000000000) Importer(815301076,1909f56bfc062723c751e8b465ee728b)
Start importing Assets using Guid(00000000000000001000000000000000) Importer(815301076,1909f56bfc062723c751e8b465ee728b)  -> (artifact id: '4a6e520b92ccfc61bcfa21a7bcab8468') in 0.014923 seconds
  Import took 0.019259 seconds .

========================================================================
Received Import Request.
  Time since last request: 0.000271 seconds.
  path: Assets/InputSystem.inputsettings.asset
  artifactKey: Guid(2cbb7f93403f14b4cbd7f508c5bee7b3) Importer(815301076,1909f56bfc062723c751e8b465ee728b)
Start importing Assets/InputSystem.inputsettings.asset using Guid(2cbb7f93403f14b4cbd7f508c5bee7b3) Importer(815301076,1909f56bfc062723c751e8b465ee728b)  -> (artifact id: '532b3ce4e3d40181ab1e6c981f012f29') in 0.064657 seconds
  Import took 0.069158 seconds .

========================================================================
Received Import Request.
  Time since last request: 13.055920 seconds.
  path: Assets/Input System
  artifactKey: Guid(319b08fcb3da30b40bb183bbb809bfab) Importer(815301076,1909f56bfc062723c751e8b465ee728b)
Start importing Assets/Input System using Guid(319b08fcb3da30b40bb183bbb809bfab) Importer(815301076,1909f56bfc062723c751e8b465ee728b)  -> (artifact id: '155d73c875d1dfc85a4f10d9b8f128cd') in 0.016811 seconds
  Import took 0.022687 seconds .

========================================================================
Received Import Request.
  Time since last request: 10.417274 seconds.
  path: Assets/Input System/Controls.inputactions
  artifactKey: Guid(4510fc713ae94874393c6e83ccc34303) Importer(815301076,1909f56bfc062723c751e8b465ee728b)
Start importing Assets/Input System/Controls.inputactions using Guid(4510fc713ae94874393c6e83ccc34303) Importer(815301076,1909f56bfc062723c751e8b465ee728b)  -> (artifact id: 'e6ec470c6473576cbbbfe1d4784040d8') in 0.023292 seconds
  Import took 0.027464 seconds .

========================================================================
Received Import Request.
  Time since last request: 129.320084 seconds.
  path: Assets/Input System/InputSystem.inputsettings.asset
  artifactKey: Guid(2cbb7f93403f14b4cbd7f508c5bee7b3) Importer(815301076,1909f56bfc062723c751e8b465ee728b)
Start importing Assets/Input System/InputSystem.inputsettings.asset using Guid(2cbb7f93403f14b4cbd7f508c5bee7b3) Importer(815301076,1909f56bfc062723c751e8b465ee728b)  -> (artifact id: 'a70be55818acfee69f75202468382ad1') in 0.006745 seconds
  Import took 0.014055 seconds .

========================================================================
Received Import Request.
  Time since last request: 3.896171 seconds.
  path: Assets/Input System/Controls.inputactions
  artifactKey: Guid(4510fc713ae94874393c6e83ccc34303) Importer(815301076,1909f56bfc062723c751e8b465ee728b)
Start importing Assets/Input System/Controls.inputactions using Guid(4510fc713ae94874393c6e83ccc34303) Importer(815301076,1909f56bfc062723c751e8b465ee728b)  -> (artifact id: 'f3b8fb096ff0855af56f3742228931a6') in 0.009051 seconds
  Import took 0.013716 seconds .

========================================================================
Received Import Request.
  Time since last request: 53.177254 seconds.
  path: Assets/Input System/Controls.inputactions
  artifactKey: Guid(4510fc713ae94874393c6e83ccc34303) Importer(815301076,1909f56bfc062723c751e8b465ee728b)
Start importing Assets/Input System/Controls.inputactions using Guid(4510fc713ae94874393c6e83ccc34303) Importer(815301076,1909f56bfc062723c751e8b465ee728b)  -> (artifact id: '88438190e74e15905734c84627641b42') in 0.006076 seconds
  Import took 0.012705 seconds .

========================================================================
Received Import Request.
  Time since last request: 606.314855 seconds.
  path: Assets/Input System/Controls.inputactions
  artifactKey: Guid(4510fc713ae94874393c6e83ccc34303) Importer(815301076,1909f56bfc062723c751e8b465ee728b)
Start importing Assets/Input System/Controls.inputactions using Guid(4510fc713ae94874393c6e83ccc34303) Importer(815301076,1909f56bfc062723c751e8b465ee728b)  -> (artifact id: 'fd90de07027065c6f0ec1277ef76cc1f') in 0.004304 seconds
  Import took 0.010001 seconds .

========================================================================
Received Prepare
Registering precompiled user dll's ...
Registered in 0.001637 seconds.
Begin MonoManager ReloadAssembly
Native extension for WindowsStandalone target not found
Refreshing native plugins compatible for Editor in 0.42 ms, found 1 plugins.
Preloading 0 native plugins for Editor in 0.00 ms.
Invoked RoslynAnalysisRunner static constructor.
RoslynAnalysisRunner will not be running.
RoslynAnalysisRunner has terminated.
Mono: successfully reloaded assembly
- Completed reload, in  1.027 seconds
Platform modules already initialized, skipping
Refreshing native plugins compatible for Editor in 0.38 ms, found 1 plugins.
Preloading 0 native plugins for Editor in 0.00 ms.
Unloading 2085 Unused Serialized files (Serialized files now loaded: 0)
System memory in use before: 95.1 MB.
System memory in use after: 95.1 MB.

Unloading 12 unused Assets to reduce memory usage. Loaded Objects now: 2536.
Total: 3.690000 ms (FindLiveObjects: 0.501100 ms CreateObjectMapping: 0.288600 ms MarkObjects: 2.796900 ms  DeleteObjects: 0.100700 ms)

========================================================================
Received Import Request.
  Time since last request: 6.145602 seconds.
  path: Assets/Input System/Controls.cs
  artifactKey: Guid(16e34175f2363bf43a0982e57280f991) Importer(815301076,1909f56bfc062723c751e8b465ee728b)
Start importing Assets/Input System/Controls.cs using Guid(16e34175f2363bf43a0982e57280f991) Importer(815301076,1909f56bfc062723c751e8b465ee728b)  -> (artifact id: 'ee5b8eee49cbd0cede62e055f435f338') in 0.010235 seconds
  Import took 0.013911 seconds .

========================================================================
Received Import Request.
  Time since last request: 9.673237 seconds.
  path: Assets/Scripts/MicrophoneInputManager.cs
  artifactKey: Guid(b3efa44367979b244b82094426485944) Importer(815301076,1909f56bfc062723c751e8b465ee728b)
Start importing Assets/Scripts/MicrophoneInputManager.cs using Guid(b3efa44367979b244b82094426485944) Importer(815301076,1909f56bfc062723c751e8b465ee728b)  -> (artifact id: '2af87dd4ba9a2dfbb289b3bd6bb1b9e8') in 0.008477 seconds
  Import took 0.013880 seconds .

========================================================================
Received Prepare
Registering precompiled user dll's ...
Registered in 0.001849 seconds.
Begin MonoManager ReloadAssembly
Native extension for WindowsStandalone target not found
Refreshing native plugins compatible for Editor in 0.46 ms, found 1 plugins.
Preloading 0 native plugins for Editor in 0.00 ms.
Invoked RoslynAnalysisRunner static constructor.
RoslynAnalysisRunner will not be running.
RoslynAnalysisRunner has terminated.
Mono: successfully reloaded assembly
- Completed reload, in  1.233 seconds
Platform modules already initialized, skipping
Refreshing native plugins compatible for Editor in 0.57 ms, found 1 plugins.
Preloading 0 native plugins for Editor in 0.00 ms.
Unloading 2085 Unused Serialized files (Serialized files now loaded: 0)
System memory in use before: 95.2 MB.
System memory in use after: 95.2 MB.

Unloading 12 unused Assets to reduce memory usage. Loaded Objects now: 2539.
Total: 5.492200 ms (FindLiveObjects: 0.702500 ms CreateObjectMapping: 2.629000 ms MarkObjects: 2.040400 ms  DeleteObjects: 0.117700 ms)

========================================================================
Received Import Request.
  Time since last request: 31.552261 seconds.
  path: Assets/Scripts/MicrophoneInputManager.cs
  artifactKey: Guid(b3efa44367979b244b82094426485944) Importer(815301076,1909f56bfc062723c751e8b465ee728b)
Start importing Assets/Scripts/MicrophoneInputManager.cs using Guid(b3efa44367979b244b82094426485944) Importer(815301076,1909f56bfc062723c751e8b465ee728b)  -> (artifact id: '2bf70b16cd35e85f5339abed359d4f86') in 0.013811 seconds
  Import took 0.021743 seconds .

========================================================================
Received Prepare
Registering precompiled user dll's ...
Registered in 0.001929 seconds.
Begin MonoManager ReloadAssembly
Native extension for WindowsStandalone target not found
Refreshing native plugins compatible for Editor in 0.70 ms, found 1 plugins.
Preloading 0 native plugins for Editor in 0.00 ms.
Invoked RoslynAnalysisRunner static constructor.
RoslynAnalysisRunner will not be running.
RoslynAnalysisRunner has terminated.
Mono: successfully reloaded assembly
- Completed reload, in  1.309 seconds
Platform modules already initialized, skipping
Refreshing native plugins compatible for Editor in 0.39 ms, found 1 plugins.
Preloading 0 native plugins for Editor in 0.00 ms.
Unloading 2085 Unused Serialized files (Serialized files now loaded: 0)
System memory in use before: 95.3 MB.
System memory in use after: 95.3 MB.

Unloading 12 unused Assets to reduce memory usage. Loaded Objects now: 2542.
Total: 2.310000 ms (FindLiveObjects: 0.203900 ms CreateObjectMapping: 0.093900 ms MarkObjects: 1.901100 ms  DeleteObjects: 0.108900 ms)

========================================================================
Received Import Request.
  Time since last request: 151.637889 seconds.
  path: Assets/Scripts/MicrophoneInputManager.cs
  artifactKey: Guid(b3efa44367979b244b82094426485944) Importer(815301076,1909f56bfc062723c751e8b465ee728b)
Start importing Assets/Scripts/MicrophoneInputManager.cs using Guid(b3efa44367979b244b82094426485944) Importer(815301076,1909f56bfc062723c751e8b465ee728b)  -> (artifact id: '13004239dcea2ad2b1b1cf971a7fd2a5') in 0.017236 seconds
  Import took 0.021736 seconds .

========================================================================
Received Prepare
Registering precompiled user dll's ...
Registered in 0.001783 seconds.
Begin MonoManager ReloadAssembly
Native extension for WindowsStandalone target not found
Refreshing native plugins compatible for Editor in 0.41 ms, found 1 plugins.
Preloading 0 native plugins for Editor in 0.00 ms.
Invoked RoslynAnalysisRunner static constructor.
RoslynAnalysisRunner will not be running.
RoslynAnalysisRunner has terminated.
Mono: successfully reloaded assembly
- Completed reload, in  1.070 seconds
Platform modules already initialized, skipping
Refreshing native plugins compatible for Editor in 0.37 ms, found 1 plugins.
Preloading 0 native plugins for Editor in 0.00 ms.
Unloading 2085 Unused Serialized files (Serialized files now loaded: 0)
System memory in use before: 95.4 MB.
System memory in use after: 95.4 MB.

Unloading 12 unused Assets to reduce memory usage. Loaded Objects now: 2545.
Total: 2.405700 ms (FindLiveObjects: 0.328800 ms CreateObjectMapping: 0.088100 ms MarkObjects: 1.882600 ms  DeleteObjects: 0.104700 ms)

========================================================================
Received Import Request.
  Time since last request: 376.510079 seconds.
  path: Assets/Scripts/MicrophoneInputManager.cs
  artifactKey: Guid(b3efa44367979b244b82094426485944) Importer(815301076,1909f56bfc062723c751e8b465ee728b)
Start importing Assets/Scripts/MicrophoneInputManager.cs using Guid(b3efa44367979b244b82094426485944) Importer(815301076,1909f56bfc062723c751e8b465ee728b)  -> (artifact id: '21a69a0f41113bfa112fab9db48853ec') in 0.005338 seconds
  Import took 0.009571 seconds .

========================================================================
Received Prepare
Registering precompiled user dll's ...
Registered in 0.001122 seconds.
Begin MonoManager ReloadAssembly
Native extension for WindowsStandalone target not found
Refreshing native plugins compatible for Editor in 0.51 ms, found 1 plugins.
Preloading 0 native plugins for Editor in 0.00 ms.
Invoked RoslynAnalysisRunner static constructor.
RoslynAnalysisRunner will not be running.
RoslynAnalysisRunner has terminated.
Mono: successfully reloaded assembly
- Completed reload, in  1.090 seconds
Platform modules already initialized, skipping
Refreshing native plugins compatible for Editor in 0.37 ms, found 1 plugins.
Preloading 0 native plugins for Editor in 0.00 ms.
Unloading 2085 Unused Serialized files (Serialized files now loaded: 0)
System memory in use before: 95.5 MB.
System memory in use after: 95.5 MB.

Unloading 12 unused Assets to reduce memory usage. Loaded Objects now: 2548.
Total: 2.612900 ms (FindLiveObjects: 0.286400 ms CreateObjectMapping: 0.111100 ms MarkObjects: 2.076700 ms  DeleteObjects: 0.137400 ms)

========================================================================
Received Prepare
Registering precompiled user dll's ...
Registered in 0.001145 seconds.
Begin MonoManager ReloadAssembly
Native extension for WindowsStandalone target not found
Refreshing native plugins compatible for Editor in 0.38 ms, found 1 plugins.
Preloading 0 native plugins for Editor in 0.00 ms.
Invoked RoslynAnalysisRunner static constructor.
RoslynAnalysisRunner will not be running.
RoslynAnalysisRunner has terminated.
Mono: successfully reloaded assembly
- Completed reload, in  0.973 seconds
Platform modules already initialized, skipping
Refreshing native plugins compatible for Editor in 0.37 ms, found 1 plugins.
Preloading 0 native plugins for Editor in 0.00 ms.
Unloading 2085 Unused Serialized files (Serialized files now loaded: 0)
System memory in use before: 95.5 MB.
System memory in use after: 95.5 MB.

Unloading 12 unused Assets to reduce memory usage. Loaded Objects now: 2551.
Total: 2.221600 ms (FindLiveObjects: 0.204800 ms CreateObjectMapping: 0.080000 ms MarkObjects: 1.831400 ms  DeleteObjects: 0.104300 ms)

========================================================================
Received Import Request.
  Time since last request: 365.016611 seconds.
  path: Assets/Scripts/MicrophoneInputManager.cs
  artifactKey: Guid(b3efa44367979b244b82094426485944) Importer(815301076,1909f56bfc062723c751e8b465ee728b)
Start importing Assets/Scripts/MicrophoneInputManager.cs using Guid(b3efa44367979b244b82094426485944) Importer(815301076,1909f56bfc062723c751e8b465ee728b)  -> (artifact id: '4e192ff6842a6e18a4bf9c54c8f78b81') in 0.005707 seconds
  Import took 0.009847 seconds .

========================================================================
Received Import Request.
  Time since last request: 0.000849 seconds.
  path: Assets/Scripts/MicrophoneInputManager.cs
  artifactKey: Guid(b3efa44367979b244b82094426485944) Importer(815301076,1909f56bfc062723c751e8b465ee728b)
Start importing Assets/Scripts/MicrophoneInputManager.cs using Guid(b3efa44367979b244b82094426485944) Importer(815301076,1909f56bfc062723c751e8b465ee728b)  -> (artifact id: '4e192ff6842a6e18a4bf9c54c8f78b81') in 0.002768 seconds
  Import took 0.006723 seconds .

========================================================================
Received Prepare
Registering precompiled user dll's ...
Registered in 0.001197 seconds.
Begin MonoManager ReloadAssembly
Native extension for WindowsStandalone target not found
Refreshing native plugins compatible for Editor in 0.38 ms, found 1 plugins.
Preloading 0 native plugins for Editor in 0.00 ms.
Invoked RoslynAnalysisRunner static constructor.
RoslynAnalysisRunner will not be running.
RoslynAnalysisRunner has terminated.
Mono: successfully reloaded assembly
- Completed reload, in  0.968 seconds
Platform modules already initialized, skipping
Refreshing native plugins compatible for Editor in 0.40 ms, found 1 plugins.
Preloading 0 native plugins for Editor in 0.00 ms.
Unloading 2085 Unused Serialized files (Serialized files now loaded: 0)
System memory in use before: 95.6 MB.
System memory in use after: 95.6 MB.

Unloading 12 unused Assets to reduce memory usage. Loaded Objects now: 2554.
Total: 2.203000 ms (FindLiveObjects: 0.194100 ms CreateObjectMapping: 0.085600 ms MarkObjects: 1.814700 ms  DeleteObjects: 0.107800 ms)

========================================================================
Received Import Request.
  Time since last request: 237.870677 seconds.
  path: Assets/Scenes
  artifactKey: Guid(48d8a7877b76f2c48a6624acb2d86dc0) Importer(815301076,1909f56bfc062723c751e8b465ee728b)
Start importing Assets/Scenes using Guid(48d8a7877b76f2c48a6624acb2d86dc0) Importer(815301076,1909f56bfc062723c751e8b465ee728b)  -> (artifact id: '73f631e0cc207e7a159610a676575b4a') in 0.015338 seconds
  Import took 0.019177 seconds .

========================================================================
Received Import Request.
  Time since last request: 0.613650 seconds.
  path: Assets/Scenes/SampleScene.unity
  artifactKey: Guid(2cda990e2423bbf4892e6590ba056729) Importer(815301076,1909f56bfc062723c751e8b465ee728b)
Start importing Assets/Scenes/SampleScene.unity using Guid(2cda990e2423bbf4892e6590ba056729) Importer(815301076,1909f56bfc062723c751e8b465ee728b)  -> (artifact id: 'ad37d4c5e6440a3f9e9c849c533cfb7a') in 0.015512 seconds
  Import took 0.021028 seconds .

========================================================================
Received Import Request.
  Time since last request: 7.871709 seconds.
  path: Assets/Scenes/MicTestScene.unity
  artifactKey: Guid(2cda990e2423bbf4892e6590ba056729) Importer(815301076,1909f56bfc062723c751e8b465ee728b)
Start importing Assets/Scenes/MicTestScene.unity using Guid(2cda990e2423bbf4892e6590ba056729) Importer(815301076,1909f56bfc062723c751e8b465ee728b)  -> (artifact id: '7b2ecc07ccfb5f2284f974ddf3d32c9f') in 0.013966 seconds
  Import took 0.018401 seconds .

